Using pre-set license
Built from '2021.3/staging' branch; Version is '2021.3.23f1 (213b516bf396) revision 2177873'; Using compiler version '192829333'; Build Type 'Release'
OS: 'Windows 10  (10.0.19045) 64bit ProfessionalEducation' Language: 'en' Physical Memory: 16327 MB
BatchMode: 1, IsHumanControllingUs: 0, StartBugReporterOnCrash: 0, Is64bit: 1, IsPro: 1

COMMAND LINE ARGUMENTS:
C:\Program Files\Unity\Hub\Editor\2021.3.23f1\Editor\Unity.exe
-adb2
-batchMode
-noUpm
-name
AssetImportWorker1
-projectPath
D:/PersonalWork/Unity/ProgrammerPathway/Mission_1/Prototype_1
-logFile
Logs/AssetImportWorker1.log
-srvPort
51193
Successfully changed project path to: D:/PersonalWork/Unity/ProgrammerPathway/Mission_1/Prototype_1
D:/PersonalWork/Unity/ProgrammerPathway/Mission_1/Prototype_1
[UnityMemory] Configuration Parameters - Can be set up in boot.config
    "memorysetup-bucket-allocator-granularity=16"
    "memorysetup-bucket-allocator-bucket-count=8"
    "memorysetup-bucket-allocator-block-size=33554432"
    "memorysetup-bucket-allocator-block-count=8"
    "memorysetup-main-allocator-block-size=16777216"
    "memorysetup-thread-allocator-block-size=16777216"
    "memorysetup-gfx-main-allocator-block-size=16777216"
    "memorysetup-gfx-thread-allocator-block-size=16777216"
    "memorysetup-cache-allocator-block-size=4194304"
    "memorysetup-typetree-allocator-block-size=2097152"
    "memorysetup-profiler-bucket-allocator-granularity=16"
    "memorysetup-profiler-bucket-allocator-bucket-count=8"
    "memorysetup-profiler-bucket-allocator-block-size=33554432"
    "memorysetup-profiler-bucket-allocator-block-count=8"
    "memorysetup-profiler-allocator-block-size=16777216"
    "memorysetup-profiler-editor-allocator-block-size=1048576"
    "memorysetup-temp-allocator-size-main=16777216"
    "memorysetup-job-temp-allocator-block-size=2097152"
    "memorysetup-job-temp-allocator-block-size-background=1048576"
    "memorysetup-job-temp-allocator-reduction-small-platforms=262144"
    "memorysetup-temp-allocator-size-background-worker=32768"
    "memorysetup-temp-allocator-size-job-worker=262144"
    "memorysetup-temp-allocator-size-preload-manager=33554432"
    "memorysetup-temp-allocator-size-nav-mesh-worker=65536"
    "memorysetup-temp-allocator-size-audio-worker=65536"
    "memorysetup-temp-allocator-size-cloud-worker=32768"
    "memorysetup-temp-allocator-size-gi-baking-worker=262144"
    "memorysetup-temp-allocator-size-gfx=262144"
Player connection [15624] Host "[IP] 192.168.1.4 [Port] 0 [Flags] 2 [Guid] 1050945418 [EditorId] 1050945418 [Version] 1048832 [Id] WindowsEditor(7,DESKTOP-GARLJAI) [Debug] 1 [PackageName] WindowsEditor [ProjectName] Editor" joined multi-casting on [225.0.0.222:54997]...

Player connection [15624] Host "[IP] 192.168.1.4 [Port] 0 [Flags] 2 [Guid] 1050945418 [EditorId] 1050945418 [Version] 1048832 [Id] WindowsEditor(7,DESKTOP-GARLJAI) [Debug] 1 [PackageName] WindowsEditor [ProjectName] Editor" joined alternative multi-casting on [225.0.0.222:34997]...

Refreshing native plugins compatible for Editor in 80.01 ms, found 3 plugins.
Preloading 0 native plugins for Editor in 0.00 ms.
Initialize engine version: 2021.3.23f1 (213b516bf396)
[Subsystems] Discovering subsystems at path C:/Program Files/Unity/Hub/Editor/2021.3.23f1/Editor/Data/Resources/UnitySubsystems
[Subsystems] Discovering subsystems at path D:/PersonalWork/Unity/ProgrammerPathway/Mission_1/Prototype_1/Assets
GfxDevice: creating device client; threaded=0; jobified=0
Direct3D:
    Version:  Direct3D 11.0 [level 11.1]
    Renderer: NVIDIA GeForce RTX 3050 (ID=0x2507)
    Vendor:   NVIDIA
    VRAM:     8056 MB
    Driver:   31.0.15.3623
Initialize mono
Mono path[0] = 'C:/Program Files/Unity/Hub/Editor/2021.3.23f1/Editor/Data/Managed'
Mono path[1] = 'C:/Program Files/Unity/Hub/Editor/2021.3.23f1/Editor/Data/MonoBleedingEdge/lib/mono/unityjit-win32'
Mono config path = 'C:/Program Files/Unity/Hub/Editor/2021.3.23f1/Editor/Data/MonoBleedingEdge/etc'
Using monoOptions --debugger-agent=transport=dt_socket,embedding=1,server=y,suspend=n,address=127.0.0.1:56348
Begin MonoManager ReloadAssembly
Registering precompiled unity dll's ...
Register platform support module: C:/Program Files/Unity/Hub/Editor/2021.3.23f1/Editor/Data/PlaybackEngines/WebGLSupport/UnityEditor.WebGL.Extensions.dll
Register platform support module: C:/Program Files/Unity/Hub/Editor/2021.3.23f1/Editor/Data/PlaybackEngines/AndroidPlayer/UnityEditor.Android.Extensions.dll
Register platform support module: C:/Program Files/Unity/Hub/Editor/2021.3.23f1/Editor/Data/PlaybackEngines/WindowsStandaloneSupport/UnityEditor.WindowsStandalone.Extensions.dll
Registered in 0.012191 seconds.
Native extension for WindowsStandalone target not found
Native extension for Android target not found
Android Extension - Scanning For ADB Devices 328 ms
Native extension for WebGL target not found
Refreshing native plugins compatible for Editor in 91.66 ms, found 3 plugins.
Preloading 0 native plugins for Editor in 0.00 ms.
Mono: successfully reloaded assembly
- Completed reload, in  1.184 seconds
Domain Reload Profiling:
	ReloadAssembly (1185ms)
		BeginReloadAssembly (81ms)
			ExecutionOrderSort (0ms)
			DisableScriptedObjects (0ms)
			BackupInstance (0ms)
			ReleaseScriptingObjects (0ms)
			CreateAndSetChildDomain (1ms)
		EndReloadAssembly (998ms)
			LoadAssemblies (80ms)
			RebuildTransferFunctionScriptingTraits (0ms)
			SetupTypeCache (129ms)
			ReleaseScriptCaches (0ms)
			RebuildScriptCaches (65ms)
			SetupLoadedEditorAssemblies (735ms)
				LogAssemblyErrors (0ms)
				InitializePlatformSupportModulesInManaged (509ms)
				SetLoadedEditorAssemblies (0ms)
				RefreshPlugins (92ms)
				BeforeProcessingInitializeOnLoad (2ms)
				ProcessInitializeOnLoadAttributes (90ms)
				ProcessInitializeOnLoadMethodAttributes (42ms)
				AfterProcessingInitializeOnLoad (0ms)
				EditorAssembliesLoaded (0ms)
			ExecutionOrderSort2 (0ms)
			AwakeInstancesAfterBackupRestoration (0ms)
Platform modules already initialized, skipping
Registering precompiled user dll's ...
Registered in 0.003977 seconds.
Begin MonoManager ReloadAssembly
Symbol file LoadedFromMemory doesn't match image D:\PersonalWork\Unity\ProgrammerPathway\Mission_1\Prototype_1\Library\PackageCache\com.unity.visualscripting@1.8.0\Editor\VisualScripting.Core\Dependencies\YamlDotNet\Unity.VisualScripting.YamlDotNet.dll
Symbol file LoadedFromMemory doesn't match image D:\PersonalWork\Unity\ProgrammerPathway\Mission_1\Prototype_1\Library\PackageCache\com.unity.visualscripting@1.8.0\Editor\VisualScripting.Core\Dependencies\DotNetZip\Unity.VisualScripting.IonicZip.dll
Native extension for WindowsStandalone target not found
Native extension for Android target not found
Native extension for WebGL target not found
Refreshing native plugins compatible for Editor in 0.62 ms, found 3 plugins.
Preloading 0 native plugins for Editor in 0.00 ms.
Mono: successfully reloaded assembly
- Completed reload, in  1.056 seconds
Domain Reload Profiling:
	ReloadAssembly (1056ms)
		BeginReloadAssembly (119ms)
			ExecutionOrderSort (0ms)
			DisableScriptedObjects (8ms)
			BackupInstance (0ms)
			ReleaseScriptingObjects (0ms)
			CreateAndSetChildDomain (18ms)
		EndReloadAssembly (808ms)
			LoadAssemblies (94ms)
			RebuildTransferFunctionScriptingTraits (0ms)
			SetupTypeCache (274ms)
			ReleaseScriptCaches (1ms)
			RebuildScriptCaches (51ms)
			SetupLoadedEditorAssemblies (358ms)
				LogAssemblyErrors (0ms)
				InitializePlatformSupportModulesInManaged (19ms)
				SetLoadedEditorAssemblies (0ms)
				RefreshPlugins (1ms)
				BeforeProcessingInitializeOnLoad (90ms)
				ProcessInitializeOnLoadAttributes (222ms)
				ProcessInitializeOnLoadMethodAttributes (18ms)
				AfterProcessingInitializeOnLoad (8ms)
				EditorAssembliesLoaded (0ms)
			ExecutionOrderSort2 (0ms)
			AwakeInstancesAfterBackupRestoration (7ms)
Platform modules already initialized, skipping
========================================================================
Worker process is ready to serve import requests
Launched and connected shader compiler UnityShaderCompiler.exe after 0.04 seconds
Refreshing native plugins compatible for Editor in 0.66 ms, found 3 plugins.
Preloading 0 native plugins for Editor in 0.00 ms.
Unloading 3049 Unused Serialized files (Serialized files now loaded: 0)
Unloading 24 unused Assets / (113.5 KB). Loaded Objects now: 3514.
Memory consumption went from 109.0 MB to 108.8 MB.
Total: 2.850600 ms (FindLiveObjects: 0.270200 ms CreateObjectMapping: 0.170300 ms MarkObjects: 2.310100 ms  DeleteObjects: 0.099000 ms)

AssetImportParameters requested are different than current active one (requested -> active):
  custom:video-decoder-ogg-theora: a1e56fd34408186e4bbccfd4996cb3dc -> 
  custom:container-muxer-webm: aa71ff27fc2769a1b78a27578f13a17b -> 
  custom:container-demuxer-webm: 4f35f7cbe854078d1ac9338744f61a02 -> 
  custom:video-encoder-webm-vp8: eb34c28f22e8b96e1ab97ce403110664 -> 
  custom:audio-encoder-webm-vorbis: bf7c407c2cedff20999df2af8eb42d56 -> 
  custom:framework-win-MediaFoundation: 216162199b28c13a410421893ffa2e32 -> 
  custom:container-demuxer-ogg: 62fdf1f143b41e24485cea50d1cbac27 -> 
  custom:video-decoder-webm-vp8: 9c59270c3fd7afecdb556c50c9e8de78 -> 
  custom:audio-decoder-ogg-vorbis: bf7c407c2cedff20999df2af8eb42d56 -> 
========================================================================
Received Import Request.
  Time since last request: 41900.707943 seconds.
  path: Assets/Pizza Delivary Pkg
  artifactKey: Guid(b1d639a638dd1954e8d9f9a810b894bd) Importer(815301076,1909f56bfc062723c751e8b465ee728b)
Start importing Assets/Pizza Delivary Pkg using Guid(b1d639a638dd1954e8d9f9a810b894bd) Importer(815301076,1909f56bfc062723c751e8b465ee728b)  -> (artifact id: 'f74b460079f84bd356a120e86fcff8d3') in 0.013887 seconds 
========================================================================
Received Import Request.
  Time since last request: 0.000025 seconds.
  path: Assets/City 1.unity
  artifactKey: Guid(c30277516bf932a4c9d19a104512278e) Importer(815301076,1909f56bfc062723c751e8b465ee728b)
Start importing Assets/City 1.unity using Guid(c30277516bf932a4c9d19a104512278e) Importer(815301076,1909f56bfc062723c751e8b465ee728b)  -> (artifact id: '807fb6d987721afc2e8ceed743668551') in 0.010902 seconds 
========================================================================
Received Import Request.
  Time since last request: 650.004144 seconds.
  path: Assets/Bus_01_01.FBX
  artifactKey: Guid(40c5462dedf30cc4798da90f06789b7e) Importer(815301076,1909f56bfc062723c751e8b465ee728b)
Start importing Assets/Bus_01_01.FBX using Guid(40c5462dedf30cc4798da90f06789b7e) Importer(815301076,1909f56bfc062723c751e8b465ee728b)  -> (artifact id: '049c8c9c5d04d50452b7db463601c059') in 5.562947 seconds 
========================================================================
Received Import Request.
  Time since last request: 7.633757 seconds.
  path: Assets/1.png
  artifactKey: Guid(451fedf9b0fbdcf4aa6d9a99030e7abd) Importer(815301076,1909f56bfc062723c751e8b465ee728b)
Start importing Assets/1.png using Guid(451fedf9b0fbdcf4aa6d9a99030e7abd) Importer(815301076,1909f56bfc062723c751e8b465ee728b)  -> (artifact id: '05c13c965301562feb518f5e6991784e') in 0.884266 seconds 
========================================================================
Received Import Request.
  Time since last request: 0.009941 seconds.
  path: Assets/Bus_01.FBX
  artifactKey: Guid(ad8c09c0ce3f1264d8798b5368b301dd) Importer(815301076,1909f56bfc062723c751e8b465ee728b)
Start importing Assets/Bus_01.FBX using Guid(ad8c09c0ce3f1264d8798b5368b301dd) Importer(815301076,1909f56bfc062723c751e8b465ee728b)  -> (artifact id: 'fa164e20f027ce0ece283bf73da286bb') in 0.400080 seconds 
========================================================================
Received Import Request.
  Time since last request: 1.889125 seconds.
  path: Assets/Body.mat
  artifactKey: Guid(a329ec452bedd824db666b0412116371) Importer(815301076,1909f56bfc062723c751e8b465ee728b)
Start importing Assets/Body.mat using Guid(a329ec452bedd824db666b0412116371) Importer(815301076,1909f56bfc062723c751e8b465ee728b)  -> (artifact id: 'a2eaf2b7525cb5db8abefad105441b89') in 0.508158 seconds 
========================================================================
Received Import Request.
  Time since last request: 0.000042 seconds.
  path: Assets/Glass.mat
  artifactKey: Guid(3b3e99f8f72af48449736ba6480e6f93) Importer(815301076,1909f56bfc062723c751e8b465ee728b)
Start importing Assets/Glass.mat using Guid(3b3e99f8f72af48449736ba6480e6f93) Importer(815301076,1909f56bfc062723c751e8b465ee728b)  -> (artifact id: '9373b946fb622ed585f374d7b0cc2c01') in 0.477968 seconds 
========================================================================
Received Import Request.
  Time since last request: 8.929247 seconds.
  path: Assets/1 1.png
  artifactKey: Guid(674c8f32a9deffe4babd378742eee94a) Importer(815301076,1909f56bfc062723c751e8b465ee728b)
Start importing Assets/1 1.png using Guid(674c8f32a9deffe4babd378742eee94a) Importer(815301076,1909f56bfc062723c751e8b465ee728b)  -> (artifact id: 'fb659e7cb1d7087db8bc7c1d83318736') in 0.196076 seconds 
========================================================================
Received Import Request.
  Time since last request: 1.794608 seconds.
  path: Assets/Body 1.mat
  artifactKey: Guid(1ed3eecde04b6b74ca3d2695b0ee289a) Importer(815301076,1909f56bfc062723c751e8b465ee728b)
Start importing Assets/Body 1.mat using Guid(1ed3eecde04b6b74ca3d2695b0ee289a) Importer(815301076,1909f56bfc062723c751e8b465ee728b)  -> (artifact id: 'e2e9e3a1840ad6ae1934ca2e5270c04f') in 0.225031 seconds 
========================================================================
Received Import Request.
  Time since last request: 0.019683 seconds.
  path: Assets/Glass 1.mat
  artifactKey: Guid(3375824d20a6a134a80f16851bebfc25) Importer(815301076,1909f56bfc062723c751e8b465ee728b)
Start importing Assets/Glass 1.mat using Guid(3375824d20a6a134a80f16851bebfc25) Importer(815301076,1909f56bfc062723c751e8b465ee728b)  -> (artifact id: '8921198721b62bf4c23b63d35aa4d9ee') in 0.074171 seconds 
========================================================================
Received Import Request.
  Time since last request: 113.080553 seconds.
  path: Assets/Bus_01.FBX
  artifactKey: Guid(ad8c09c0ce3f1264d8798b5368b301dd) Importer(815301076,1909f56bfc062723c751e8b465ee728b)
Start importing Assets/Bus_01.FBX using Guid(ad8c09c0ce3f1264d8798b5368b301dd) Importer(815301076,1909f56bfc062723c751e8b465ee728b)  -> (artifact id: '0f8852cf4ff523798a8238ef7e26d565') in 0.157005 seconds 
